---------------------- 16/08/2024 12:01:38 -----------------------
RS:	 -RANGE4 -
LS:	 --
QE:	 --
TA:	 --
CE:	 --
DM:	 --
DS:	 --
IC:	 --

0000 0000 0000 0000 0000 0100 
0000 0000 0000 0000 0000 0000 
0000 0000 0000 0000 0000 0000 
0000 0000 0000 0000 0000 0000 
0000 0000 0000 0000 1000 0000 
0000 0000 0000 0000 0000 0000 
0000 0000 0000 0000 0000 0000 
0000 0000 0000 0000 0000 0000 


---------------------- 16/08/2024 12:01:41 -----------------------
RS:	 --
LS:	 --
QE:	 --
TA:	 --
CE:	 --
DM:	 --
DS:	 --
IC:	 --

0000 0000 0000 0000 0000 0100 
0000 0000 0000 0000 0000 0000 
0000 0000 0000 0000 0000 0000 
0000 0000 0000 0000 0000 0000 
0000 0000 0000 0000 1000 0000 
0000 0000 0000 0000 0000 0000 
0000 0000 0000 0000 0000 0000 
0000 0000 0000 0000 0000 0000 


---------------------- 16/08/2024 12:01:42 -----------------------
RS:	 --
LS:	 --
QE:	 --
TA:	 --
CE:	 --
DM:	 --
DS:	 --
IC:	 --

0000 0000 0000 0000 0000 0100 
0000 0000 0000 0000 0000 0000 
0000 0000 0000 0000 0000 0000 
0000 0000 0000 0000 0000 0000 
0000 0000 0000 0000 1000 0000 
0000 0000 0000 0000 0000 0000 
0000 0000 0000 0000 0000 0000 
0000 0000 0000 0000 0000 0000 


---------------------- 16/08/2024 12:01:42 -----------------------
RS:	 --
LS:	 --
QE:	 --
TA:	 --
CE:	 --
DM:	 --
DS:	 --
IC:	 --

0000 0000 0000 0000 0000 0100 
0000 0000 0000 0000 0000 0000 
0000 0000 0000 0000 0000 0000 
0000 0000 0000 0000 0000 0000 
0000 0000 0000 0000 1000 0000 
0000 0000 0000 0000 0000 0000 
0000 0000 0000 0000 0000 0000 
0000 0000 0000 0000 0000 0000 


---------------------- 16/08/2024 12:01:43 -----------------------
RS:	 --
LS:	 --
QE:	 --
TA:	 --
CE:	 --
DM:	 --
DS:	 --
IC:	 --

0000 0000 0000 0000 0000 0100 
0000 0000 0000 0000 0000 0000 
0000 0000 0000 0000 0000 0000 
0000 0000 0000 0000 0000 0000 
0000 0000 0000 0000 1000 0000 
0000 0000 0000 0000 0000 0000 
0000 0000 0000 0000 0000 0000 
0000 0000 0000 0000 0000 0000 


---------------------- 16/08/2024 12:01:43 -----------------------
RS:	 --
LS:	 --
QE:	 --
TA:	 --
CE:	 --
DM:	 --
DS:	 --
IC:	 --

0000 0000 0000 0000 0000 0100 
0000 0000 0000 0000 0000 0000 
0000 0000 0000 0000 0000 0000 
0000 0000 0000 0000 0000 0000 
0000 0000 0000 0000 1000 0000 
0000 0000 0000 0000 0000 0000 
0000 0000 0000 0000 0000 0000 
0000 0000 0000 0000 0000 0000 


---------------------- 16/08/2024 12:01:44 -----------------------
RS:	 --
LS:	 --
QE:	 --
TA:	 --
CE:	 --
DM:	 --
DS:	 --
IC:	 --

0000 0000 0000 0000 0000 0100 
0000 0000 0000 0000 0000 0000 
0000 0000 0000 0000 0000 0000 
0000 0000 0000 0000 0000 0000 
0000 0000 0000 0000 1000 0000 
0000 0000 0000 0000 0000 0000 
0000 0000 0000 0000 0000 0000 
0000 0000 0000 0000 0000 0000 


---------------------- 16/08/2024 12:01:44 -----------------------
RS:	 --
LS:	 --
QE:	 --
TA:	 --
CE:	 --
DM:	 --
DS:	 --
IC:	 --

0000 0000 0000 0000 0000 0100 
0000 0000 0000 0000 0000 0000 
0000 0000 0000 0000 0000 0000 
0000 0000 0000 0000 0000 0000 
0000 0000 0000 0000 1000 0000 
0000 0000 0000 0000 0000 0000 
0000 0000 0000 0000 0000 0000 
0000 0000 0000 0000 0000 0000 


---------------------- 16/08/2024 12:01:45 -----------------------
RS:	 --
LS:	 --
QE:	 --
TA:	 --
CE:	 --
DM:	 --
DS:	 --
IC:	 --

0000 0000 0000 0000 0000 0100 
0000 0000 0000 0000 0000 0000 
0000 0000 0000 0000 0000 0000 
0000 0000 0000 0000 0000 0000 
0000 0000 0000 0000 1000 0000 
0000 0000 0000 0000 0000 0000 
0000 0000 0000 0000 0000 0000 
0000 0000 0000 0000 0000 0000 


---------------------- 16/08/2024 12:01:45 -----------------------
RS:	 --
LS:	 --
QE:	 --
TA:	 --
CE:	 --
DM:	 --
DS:	 --
IC:	 --

0000 0000 0000 0000 0000 0100 
0000 0000 0000 0000 0000 0000 
0000 0000 0000 0000 0000 0000 
0000 0000 0000 0000 0000 0000 
0000 0000 0000 0000 1000 0000 
0000 0000 0000 0000 0000 0000 
0000 0000 0000 0000 0000 0000 
0000 0000 0000 0000 0000 0000 


---------------------- 16/08/2024 12:01:46 -----------------------
RS:	 --
LS:	 --
QE:	 --
TA:	 --
CE:	 --
DM:	 --
DS:	 --
IC:	 --

0000 0000 0000 0000 0000 0100 
0000 0000 0000 0000 0000 0000 
0000 0000 0000 0000 0000 0000 
0000 0000 0000 0000 0000 0000 
0000 0000 0000 0000 1000 0000 
0000 0000 0000 0000 0000 0000 
0000 0000 0000 0000 0000 0000 
0000 0000 0000 0000 0000 0000 


---------------------- 16/08/2024 12:01:46 -----------------------
RS:	 --
LS:	 --
QE:	 --
TA:	 --
CE:	 --
DM:	 --
DS:	 --
IC:	 --

0000 0000 0000 0000 0000 0100 
0000 0000 0000 0000 0000 0000 
0000 0000 0000 0000 0000 0000 
0000 0000 0000 0000 0000 0000 
0000 0000 0000 0000 1000 0000 
0000 0000 0000 0000 0000 0000 
0000 0000 0000 0000 0000 0000 
0000 0000 0000 0000 0000 0000 


---------------------- 16/08/2024 12:01:47 -----------------------
RS:	 --
LS:	 --
QE:	 --
TA:	 --
CE:	 --
DM:	 --
DS:	 --
IC:	 --

0000 0000 0000 0000 0000 0100 
0000 0000 0000 0000 0000 0000 
0000 0000 0000 0000 0000 0000 
0000 0000 0000 0000 0000 0000 
0000 0000 0000 0000 1000 0000 
0000 0000 0000 0000 0000 0000 
0000 0000 0000 0000 0000 0000 
0000 0000 0000 0000 0000 0000 


---------------------- 16/08/2024 12:01:47 -----------------------
RS:	 --
LS:	 --
QE:	 --
TA:	 --
CE:	 --
DM:	 --
DS:	 --
IC:	 --

0000 0000 0000 0000 0000 0100 
0000 0000 0000 0000 0000 0000 
0000 0000 0000 0000 0000 0000 
0000 0000 0000 0000 0000 0000 
0000 0000 0000 0000 1000 0000 
0000 0000 0000 0000 0000 0000 
0000 0000 0000 0000 0000 0000 
0000 0000 0000 0000 0000 0000 


